<?xml version="1.0" encoding="UTF-8"?>
<testsuite name="com.bci.tareas.controllers.ControllerRegistrationTest" tests="4" skipped="0" failures="0" errors="0" timestamp="2025-07-02T19:54:20.919Z" hostname="IMICL-86WSV" time="0.138">
  <properties/>
  <testcase name="saveRecordSucesfull_201OK()" classname="com.bci.tareas.controllers.ControllerRegistrationTest" time="0.02"/>
  <testcase name="saveRegistro_integrationOK()" classname="com.bci.tareas.controllers.ControllerRegistrationTest" time="0.094"/>
  <testcase name="saveRecordNameNullFault_400NOK()" classname="com.bci.tareas.controllers.ControllerRegistrationTest" time="0.011"/>
  <testcase name="saveRecordEmailErrorFault_400NOK()" classname="com.bci.tareas.controllers.ControllerRegistrationTest" time="0.01"/>
  <system-out><![CDATA[15:54:20.925 [Test worker] DEBUG _org.springframework.web.servlet.HandlerMapping.Mappings - 
	c.b.t.c.ControllerRegistation:
	{POST [/registro/usuario/sign-up], produces [application/json]}: saveUsuario(UsuarioDTO)
15:54:20.926 [Test worker] DEBUG org.springframework.web.servlet.mvc.method.annotation.RequestMappingHandlerMapping - 1 mappings in org.springframework.web.servlet.mvc.method.annotation.RequestMappingHandlerMapping
15:54:20.930 [Test worker] DEBUG org.springframework.web.servlet.mvc.method.annotation.RequestMappingHandlerAdapter - ControllerAdvice beans: 0 @ModelAttribute, 0 @InitBinder, 1 RequestBodyAdvice, 1 ResponseBodyAdvice
15:54:20.931 [Test worker] DEBUG org.springframework.web.servlet.mvc.method.annotation.ExceptionHandlerExceptionResolver - ControllerAdvice beans: 0 @ExceptionHandler, 1 ResponseBodyAdvice
15:54:20.933 [Test worker] INFO org.springframework.mock.web.MockServletContext - Initializing Spring TestDispatcherServlet ''
15:54:20.933 [Test worker] INFO org.springframework.test.web.servlet.TestDispatcherServlet - Initializing Servlet ''
15:54:20.933 [Test worker] DEBUG org.springframework.test.web.servlet.TestDispatcherServlet - Detected AcceptHeaderLocaleResolver
15:54:20.933 [Test worker] DEBUG org.springframework.test.web.servlet.TestDispatcherServlet - Detected FixedThemeResolver
15:54:20.933 [Test worker] DEBUG org.springframework.test.web.servlet.TestDispatcherServlet - Detected org.springframework.web.servlet.view.DefaultRequestToViewNameTranslator@6a0cbc6f
15:54:20.933 [Test worker] DEBUG org.springframework.test.web.servlet.TestDispatcherServlet - Detected org.springframework.web.servlet.support.SessionFlashMapManager@67110f71
15:54:20.933 [Test worker] DEBUG org.springframework.test.web.servlet.TestDispatcherServlet - enableLoggingRequestDetails='false': request parameters and headers will be masked to prevent unsafe logging of potentially sensitive data
15:54:20.933 [Test worker] INFO org.springframework.test.web.servlet.TestDispatcherServlet - Completed initialization in 0 ms
15:54:20.936 [Test worker] INFO com.bci.tareas.controllers.ControllerRegistation - grabar tareas
15:54:20.936 [Test worker] INFO com.bci.tareas.controllers.ControllerRegistation - uuid 736f4668-a216-3c68-9dac-a830ac7bf80f
15:54:20.936 [Test worker] INFO com.bci.tareas.controllers.ControllerRegistation - In prodnull
15:54:20.938 [Test worker] INFO com.bci.tareas.helper.PasswordValidator - password : A23bbbccc@
15:54:20.938 [Test worker] INFO com.bci.tareas.helper.PasswordValidator - PatronPassword : ^(?=.*[0-9])(?=.*[a-z])(?=.*[A-Z])(?=.*[!@#&()?[{}]:;',?/*~$^+=<>]).{8,20}$
15:54:20.943 [Test worker] DEBUG _org.springframework.web.servlet.HandlerMapping.Mappings - 
	c.b.t.c.ControllerRegistation:
	{POST [/registro/usuario/sign-up], produces [application/json]}: saveUsuario(UsuarioDTO)
15:54:20.943 [Test worker] DEBUG org.springframework.web.servlet.mvc.method.annotation.RequestMappingHandlerMapping - 1 mappings in org.springframework.web.servlet.mvc.method.annotation.RequestMappingHandlerMapping
15:54:20.947 [Test worker] DEBUG org.springframework.web.servlet.mvc.method.annotation.RequestMappingHandlerAdapter - ControllerAdvice beans: 0 @ModelAttribute, 0 @InitBinder, 1 RequestBodyAdvice, 1 ResponseBodyAdvice
15:54:20.949 [Test worker] DEBUG org.springframework.web.servlet.mvc.method.annotation.ExceptionHandlerExceptionResolver - ControllerAdvice beans: 0 @ExceptionHandler, 1 ResponseBodyAdvice
15:54:20.949 [Test worker] INFO org.springframework.mock.web.MockServletContext - Initializing Spring TestDispatcherServlet ''
15:54:20.949 [Test worker] INFO org.springframework.test.web.servlet.TestDispatcherServlet - Initializing Servlet ''
15:54:20.949 [Test worker] DEBUG org.springframework.test.web.servlet.TestDispatcherServlet - Detected AcceptHeaderLocaleResolver
15:54:20.949 [Test worker] DEBUG org.springframework.test.web.servlet.TestDispatcherServlet - Detected FixedThemeResolver
15:54:20.949 [Test worker] DEBUG org.springframework.test.web.servlet.TestDispatcherServlet - Detected org.springframework.web.servlet.view.DefaultRequestToViewNameTranslator@3533df16
15:54:20.949 [Test worker] DEBUG org.springframework.test.web.servlet.TestDispatcherServlet - Detected org.springframework.web.servlet.support.SessionFlashMapManager@15d0849
15:54:20.949 [Test worker] DEBUG org.springframework.test.web.servlet.TestDispatcherServlet - enableLoggingRequestDetails='false': request parameters and headers will be masked to prevent unsafe logging of potentially sensitive data
15:54:20.949 [Test worker] INFO org.springframework.test.web.servlet.TestDispatcherServlet - Completed initialization in 0 ms
15:54:20.978 [Test worker] DEBUG org.springframework.test.web.servlet.TestDispatcherServlet - POST "/registro/usuario/sign-up", parameters={}
15:54:20.978 [Test worker] DEBUG org.springframework.web.servlet.mvc.method.annotation.RequestMappingHandlerMapping - Mapped to com.bci.tareas.controllers.ControllerRegistation#saveUsuario(UsuarioDTO)
15:54:21.018 [Test worker] DEBUG org.springframework.web.servlet.mvc.method.annotation.RequestResponseBodyMethodProcessor - Read "application/json" to [UsuarioDTO(id=98c6f2c2-287f-3c73-8ea3-d40ae7ec3ff2, name=augusto Espinoza, password=A23bbbccc@, emai (truncated)...]
15:54:21.031 [Test worker] INFO com.bci.tareas.controllers.ControllerRegistation - grabar tareas
15:54:21.031 [Test worker] INFO com.bci.tareas.controllers.ControllerRegistation - uuid 736f4668-a216-3c68-9dac-a830ac7bf80f
15:54:21.031 [Test worker] INFO com.bci.tareas.controllers.ControllerRegistation - In prodnull
15:54:21.031 [Test worker] INFO com.bci.tareas.helper.PasswordValidator - password : A23bbbccc@
15:54:21.031 [Test worker] INFO com.bci.tareas.helper.PasswordValidator - PatronPassword : ^(?=.*[0-9])(?=.*[a-z])(?=.*[A-Z])(?=.*[!@#&()?[{}]:;',?/*~$^+=<>]).{8,20}$
15:54:21.033 [Test worker] DEBUG org.springframework.web.servlet.mvc.method.annotation.HttpEntityMethodProcessor - Using 'application/json', given [*/*] and supported [application/json]
15:54:21.034 [Test worker] DEBUG org.springframework.web.servlet.mvc.method.annotation.HttpEntityMethodProcessor - Writing [RespuestaDTO(msg=null, uuid=null, name=augusto Espinoza, password=null, email=null, created=12-08-19 (truncated)...]
15:54:21.034 [Test worker] DEBUG org.springframework.test.web.servlet.TestDispatcherServlet - Completed 201 CREATED
15:54:21.038 [Test worker] DEBUG _org.springframework.web.servlet.HandlerMapping.Mappings - 
	c.b.t.c.ControllerRegistation:
	{POST [/registro/usuario/sign-up], produces [application/json]}: saveUsuario(UsuarioDTO)
15:54:21.038 [Test worker] DEBUG org.springframework.web.servlet.mvc.method.annotation.RequestMappingHandlerMapping - 1 mappings in org.springframework.web.servlet.mvc.method.annotation.RequestMappingHandlerMapping
15:54:21.042 [Test worker] DEBUG org.springframework.web.servlet.mvc.method.annotation.RequestMappingHandlerAdapter - ControllerAdvice beans: 0 @ModelAttribute, 0 @InitBinder, 1 RequestBodyAdvice, 1 ResponseBodyAdvice
15:54:21.044 [Test worker] DEBUG org.springframework.web.servlet.mvc.method.annotation.ExceptionHandlerExceptionResolver - ControllerAdvice beans: 0 @ExceptionHandler, 1 ResponseBodyAdvice
15:54:21.044 [Test worker] INFO org.springframework.mock.web.MockServletContext - Initializing Spring TestDispatcherServlet ''
15:54:21.044 [Test worker] INFO org.springframework.test.web.servlet.TestDispatcherServlet - Initializing Servlet ''
15:54:21.044 [Test worker] DEBUG org.springframework.test.web.servlet.TestDispatcherServlet - Detected AcceptHeaderLocaleResolver
15:54:21.044 [Test worker] DEBUG org.springframework.test.web.servlet.TestDispatcherServlet - Detected FixedThemeResolver
15:54:21.044 [Test worker] DEBUG org.springframework.test.web.servlet.TestDispatcherServlet - Detected org.springframework.web.servlet.view.DefaultRequestToViewNameTranslator@3c46dcbe
15:54:21.045 [Test worker] DEBUG org.springframework.test.web.servlet.TestDispatcherServlet - Detected org.springframework.web.servlet.support.SessionFlashMapManager@68577ba8
15:54:21.045 [Test worker] DEBUG org.springframework.test.web.servlet.TestDispatcherServlet - enableLoggingRequestDetails='false': request parameters and headers will be masked to prevent unsafe logging of potentially sensitive data
15:54:21.045 [Test worker] INFO org.springframework.test.web.servlet.TestDispatcherServlet - Completed initialization in 1 ms
15:54:21.045 [Test worker] INFO com.bci.tareas.controllers.ControllerRegistation - grabar tareas
15:54:21.045 [Test worker] INFO com.bci.tareas.controllers.ControllerRegistation - uuid 736f4668-a216-3c68-9dac-a830ac7bf80f
15:54:21.046 [Test worker] INFO com.bci.tareas.controllers.ControllerRegistation - In prodnull
15:54:21.046 [Test worker] DEBUG com.bci.tareas.controllers.ControllerRegistation - nombre  es null
15:54:21.051 [Test worker] DEBUG _org.springframework.web.servlet.HandlerMapping.Mappings - 
	c.b.t.c.ControllerRegistation:
	{POST [/registro/usuario/sign-up], produces [application/json]}: saveUsuario(UsuarioDTO)
15:54:21.052 [Test worker] DEBUG org.springframework.web.servlet.mvc.method.annotation.RequestMappingHandlerMapping - 1 mappings in org.springframework.web.servlet.mvc.method.annotation.RequestMappingHandlerMapping
15:54:21.055 [Test worker] DEBUG org.springframework.web.servlet.mvc.method.annotation.RequestMappingHandlerAdapter - ControllerAdvice beans: 0 @ModelAttribute, 0 @InitBinder, 1 RequestBodyAdvice, 1 ResponseBodyAdvice
15:54:21.057 [Test worker] DEBUG org.springframework.web.servlet.mvc.method.annotation.ExceptionHandlerExceptionResolver - ControllerAdvice beans: 0 @ExceptionHandler, 1 ResponseBodyAdvice
15:54:21.057 [Test worker] INFO org.springframework.mock.web.MockServletContext - Initializing Spring TestDispatcherServlet ''
15:54:21.057 [Test worker] INFO org.springframework.test.web.servlet.TestDispatcherServlet - Initializing Servlet ''
15:54:21.057 [Test worker] DEBUG org.springframework.test.web.servlet.TestDispatcherServlet - Detected AcceptHeaderLocaleResolver
15:54:21.057 [Test worker] DEBUG org.springframework.test.web.servlet.TestDispatcherServlet - Detected FixedThemeResolver
15:54:21.057 [Test worker] DEBUG org.springframework.test.web.servlet.TestDispatcherServlet - Detected org.springframework.web.servlet.view.DefaultRequestToViewNameTranslator@c6b2dd9
15:54:21.057 [Test worker] DEBUG org.springframework.test.web.servlet.TestDispatcherServlet - Detected org.springframework.web.servlet.support.SessionFlashMapManager@73437222
15:54:21.057 [Test worker] DEBUG org.springframework.test.web.servlet.TestDispatcherServlet - enableLoggingRequestDetails='false': request parameters and headers will be masked to prevent unsafe logging of potentially sensitive data
15:54:21.057 [Test worker] INFO org.springframework.test.web.servlet.TestDispatcherServlet - Completed initialization in 0 ms
15:54:21.057 [Test worker] INFO com.bci.tareas.controllers.ControllerRegistation - grabar tareas
15:54:21.057 [Test worker] INFO com.bci.tareas.controllers.ControllerRegistation - uuid 736f4668-a216-3c68-9dac-a830ac7bf80f
15:54:21.057 [Test worker] INFO com.bci.tareas.controllers.ControllerRegistation - In prodnull
15:54:21.057 [Test worker] DEBUG com.bci.tareas.controllers.ControllerRegistation - email invalido
]]></system-out>
  <system-err><![CDATA[]]></system-err>
</testsuite>
