<?xml version="1.0" encoding="UTF-8"?>
<testsuite name="com.bci.tareas.controllers.ControllerConsultaTest" tests="2" skipped="0" failures="0" errors="0" timestamp="2025-07-02T18:02:37.036Z" hostname="IMICL-86WSV" time="1.205">
  <properties/>
  <testcase name="getAllRecordSucesfull_integrationOK()" classname="com.bci.tareas.controllers.ControllerConsultaTest" time="1.186"/>
  <testcase name="getAllRecordSucesfull_200OK()" classname="com.bci.tareas.controllers.ControllerConsultaTest" time="0.017"/>
  <system-out><![CDATA[14:02:37.650 [Test worker] DEBUG _org.springframework.web.servlet.HandlerMapping.Mappings - 
	c.b.t.c.ControllerConsulta:
	{GET [/consulta/usuarios/allUsuarios]}: getAllUsuarios()
	{GET [/consulta/usuarios/login/{id}]}: getUsuariosById(String)
14:02:37.705 [Test worker] DEBUG org.springframework.web.servlet.mvc.method.annotation.RequestMappingHandlerMapping - 2 mappings in org.springframework.web.servlet.mvc.method.annotation.RequestMappingHandlerMapping
14:02:37.909 [Test worker] DEBUG org.springframework.web.servlet.mvc.method.annotation.RequestMappingHandlerAdapter - ControllerAdvice beans: 0 @ModelAttribute, 0 @InitBinder, 1 RequestBodyAdvice, 1 ResponseBodyAdvice
14:02:37.937 [Test worker] DEBUG org.springframework.web.servlet.mvc.method.annotation.ExceptionHandlerExceptionResolver - ControllerAdvice beans: 0 @ExceptionHandler, 1 ResponseBodyAdvice
14:02:37.953 [Test worker] INFO org.springframework.mock.web.MockServletContext - Initializing Spring TestDispatcherServlet ''
14:02:37.954 [Test worker] INFO org.springframework.test.web.servlet.TestDispatcherServlet - Initializing Servlet ''
14:02:37.956 [Test worker] DEBUG org.springframework.test.web.servlet.TestDispatcherServlet - Detected AcceptHeaderLocaleResolver
14:02:37.956 [Test worker] DEBUG org.springframework.test.web.servlet.TestDispatcherServlet - Detected FixedThemeResolver
14:02:37.956 [Test worker] DEBUG org.springframework.test.web.servlet.TestDispatcherServlet - Detected org.springframework.web.servlet.view.DefaultRequestToViewNameTranslator@5b022357
14:02:37.956 [Test worker] DEBUG org.springframework.test.web.servlet.TestDispatcherServlet - Detected org.springframework.web.servlet.support.SessionFlashMapManager@6f8e0cee
14:02:37.956 [Test worker] DEBUG org.springframework.test.web.servlet.TestDispatcherServlet - enableLoggingRequestDetails='false': request parameters and headers will be masked to prevent unsafe logging of potentially sensitive data
14:02:37.956 [Test worker] INFO org.springframework.test.web.servlet.TestDispatcherServlet - Completed initialization in 2 ms
14:02:37.996 [Test worker] DEBUG org.springframework.test.web.servlet.TestDispatcherServlet - GET "/consulta/usuarios/allUsuarios", parameters={}
14:02:37.999 [Test worker] DEBUG org.springframework.web.servlet.mvc.method.annotation.RequestMappingHandlerMapping - Mapped to com.bci.tareas.controllers.ControllerConsulta#getAllUsuarios()
14:02:38.009 [Test worker] INFO com.bci.tareas.controllers.ControllerConsulta - todo los usuarios
14:02:38.116 [Test worker] DEBUG org.springframework.web.servlet.mvc.method.annotation.HttpEntityMethodProcessor - Using 'application/json', given [*/*] and supported [application/json, application/*+json]
14:02:38.116 [Test worker] DEBUG org.springframework.web.servlet.mvc.method.annotation.HttpEntityMethodProcessor - Writing [[RespuestaDTO(msg=null, uuid=null, name=augusto Espinoza, password=null, email=null, created=12-08-1 (truncated)...]
14:02:38.165 [Test worker] DEBUG org.springframework.test.web.servlet.TestDispatcherServlet - Completed 200 OK
14:02:38.213 [Test worker] DEBUG com.jayway.jsonpath.internal.path.CompiledPath - Evaluating path: $
14:02:38.230 [Test worker] DEBUG _org.springframework.web.servlet.HandlerMapping.Mappings - 
	c.b.t.c.ControllerConsulta:
	{GET [/consulta/usuarios/allUsuarios]}: getAllUsuarios()
	{GET [/consulta/usuarios/login/{id}]}: getUsuariosById(String)
14:02:38.230 [Test worker] DEBUG org.springframework.web.servlet.mvc.method.annotation.RequestMappingHandlerMapping - 2 mappings in org.springframework.web.servlet.mvc.method.annotation.RequestMappingHandlerMapping
14:02:38.235 [Test worker] DEBUG org.springframework.web.servlet.mvc.method.annotation.RequestMappingHandlerAdapter - ControllerAdvice beans: 0 @ModelAttribute, 0 @InitBinder, 1 RequestBodyAdvice, 1 ResponseBodyAdvice
14:02:38.237 [Test worker] DEBUG org.springframework.web.servlet.mvc.method.annotation.ExceptionHandlerExceptionResolver - ControllerAdvice beans: 0 @ExceptionHandler, 1 ResponseBodyAdvice
14:02:38.237 [Test worker] INFO org.springframework.mock.web.MockServletContext - Initializing Spring TestDispatcherServlet ''
14:02:38.237 [Test worker] INFO org.springframework.test.web.servlet.TestDispatcherServlet - Initializing Servlet ''
14:02:38.237 [Test worker] DEBUG org.springframework.test.web.servlet.TestDispatcherServlet - Detected AcceptHeaderLocaleResolver
14:02:38.237 [Test worker] DEBUG org.springframework.test.web.servlet.TestDispatcherServlet - Detected FixedThemeResolver
14:02:38.237 [Test worker] DEBUG org.springframework.test.web.servlet.TestDispatcherServlet - Detected org.springframework.web.servlet.view.DefaultRequestToViewNameTranslator@f1a45f8
14:02:38.237 [Test worker] DEBUG org.springframework.test.web.servlet.TestDispatcherServlet - Detected org.springframework.web.servlet.support.SessionFlashMapManager@5edf2821
14:02:38.238 [Test worker] DEBUG org.springframework.test.web.servlet.TestDispatcherServlet - enableLoggingRequestDetails='false': request parameters and headers will be masked to prevent unsafe logging of potentially sensitive data
14:02:38.238 [Test worker] INFO org.springframework.test.web.servlet.TestDispatcherServlet - Completed initialization in 1 ms
14:02:38.238 [Test worker] INFO com.bci.tareas.controllers.ControllerConsulta - todo los usuarios
]]></system-out>
  <system-err><![CDATA[]]></system-err>
</testsuite>
