<?xml version="1.0" encoding="UTF-8"?>
<testsuite name="com.bci.tareas.controllers.ControllerConsultaTest" tests="2" skipped="0" failures="0" errors="0" timestamp="2025-07-02T19:54:19.790Z" hostname="IMICL-86WSV" time="1.125">
  <properties/>
  <testcase name="getAllRecordSucesfull_integrationOK()" classname="com.bci.tareas.controllers.ControllerConsultaTest" time="1.108"/>
  <testcase name="getAllRecordSucesfull_200OK()" classname="com.bci.tareas.controllers.ControllerConsultaTest" time="0.015"/>
  <system-out><![CDATA[15:54:20.363 [Test worker] DEBUG _org.springframework.web.servlet.HandlerMapping.Mappings - 
	c.b.t.c.ControllerConsulta:
	{GET [/consulta/usuarios/login/{id}]}: getUsuariosById(String)
	{GET [/consulta/usuarios/allUsuarios]}: getAllUsuarios()
15:54:20.413 [Test worker] DEBUG org.springframework.web.servlet.mvc.method.annotation.RequestMappingHandlerMapping - 2 mappings in org.springframework.web.servlet.mvc.method.annotation.RequestMappingHandlerMapping
15:54:20.596 [Test worker] DEBUG org.springframework.web.servlet.mvc.method.annotation.RequestMappingHandlerAdapter - ControllerAdvice beans: 0 @ModelAttribute, 0 @InitBinder, 1 RequestBodyAdvice, 1 ResponseBodyAdvice
15:54:20.625 [Test worker] DEBUG org.springframework.web.servlet.mvc.method.annotation.ExceptionHandlerExceptionResolver - ControllerAdvice beans: 0 @ExceptionHandler, 1 ResponseBodyAdvice
15:54:20.640 [Test worker] INFO org.springframework.mock.web.MockServletContext - Initializing Spring TestDispatcherServlet ''
15:54:20.641 [Test worker] INFO org.springframework.test.web.servlet.TestDispatcherServlet - Initializing Servlet ''
15:54:20.643 [Test worker] DEBUG org.springframework.test.web.servlet.TestDispatcherServlet - Detected AcceptHeaderLocaleResolver
15:54:20.643 [Test worker] DEBUG org.springframework.test.web.servlet.TestDispatcherServlet - Detected FixedThemeResolver
15:54:20.643 [Test worker] DEBUG org.springframework.test.web.servlet.TestDispatcherServlet - Detected org.springframework.web.servlet.view.DefaultRequestToViewNameTranslator@2787de58
15:54:20.643 [Test worker] DEBUG org.springframework.test.web.servlet.TestDispatcherServlet - Detected org.springframework.web.servlet.support.SessionFlashMapManager@659a2455
15:54:20.644 [Test worker] DEBUG org.springframework.test.web.servlet.TestDispatcherServlet - enableLoggingRequestDetails='false': request parameters and headers will be masked to prevent unsafe logging of potentially sensitive data
15:54:20.644 [Test worker] INFO org.springframework.test.web.servlet.TestDispatcherServlet - Completed initialization in 3 ms
15:54:20.681 [Test worker] DEBUG org.springframework.test.web.servlet.TestDispatcherServlet - GET "/consulta/usuarios/allUsuarios", parameters={}
15:54:20.684 [Test worker] DEBUG org.springframework.web.servlet.mvc.method.annotation.RequestMappingHandlerMapping - Mapped to com.bci.tareas.controllers.ControllerConsulta#getAllUsuarios()
15:54:20.693 [Test worker] INFO com.bci.tareas.controllers.ControllerConsulta - todo los usuarios
15:54:20.796 [Test worker] DEBUG org.springframework.web.servlet.mvc.method.annotation.HttpEntityMethodProcessor - Using 'application/json', given [*/*] and supported [application/json, application/*+json]
15:54:20.796 [Test worker] DEBUG org.springframework.web.servlet.mvc.method.annotation.HttpEntityMethodProcessor - Writing [[RespuestaDTO(msg=null, uuid=null, name=augusto Espinoza, password=null, email=null, created=12-08-1 (truncated)...]
15:54:20.844 [Test worker] DEBUG org.springframework.test.web.servlet.TestDispatcherServlet - Completed 200 OK
15:54:20.890 [Test worker] DEBUG com.jayway.jsonpath.internal.path.CompiledPath - Evaluating path: $
15:54:20.904 [Test worker] DEBUG _org.springframework.web.servlet.HandlerMapping.Mappings - 
	c.b.t.c.ControllerConsulta:
	{GET [/consulta/usuarios/login/{id}]}: getUsuariosById(String)
	{GET [/consulta/usuarios/allUsuarios]}: getAllUsuarios()
15:54:20.905 [Test worker] DEBUG org.springframework.web.servlet.mvc.method.annotation.RequestMappingHandlerMapping - 2 mappings in org.springframework.web.servlet.mvc.method.annotation.RequestMappingHandlerMapping
15:54:20.909 [Test worker] DEBUG org.springframework.web.servlet.mvc.method.annotation.RequestMappingHandlerAdapter - ControllerAdvice beans: 0 @ModelAttribute, 0 @InitBinder, 1 RequestBodyAdvice, 1 ResponseBodyAdvice
15:54:20.910 [Test worker] DEBUG org.springframework.web.servlet.mvc.method.annotation.ExceptionHandlerExceptionResolver - ControllerAdvice beans: 0 @ExceptionHandler, 1 ResponseBodyAdvice
15:54:20.910 [Test worker] INFO org.springframework.mock.web.MockServletContext - Initializing Spring TestDispatcherServlet ''
15:54:20.912 [Test worker] INFO org.springframework.test.web.servlet.TestDispatcherServlet - Initializing Servlet ''
15:54:20.912 [Test worker] DEBUG org.springframework.test.web.servlet.TestDispatcherServlet - Detected AcceptHeaderLocaleResolver
15:54:20.912 [Test worker] DEBUG org.springframework.test.web.servlet.TestDispatcherServlet - Detected FixedThemeResolver
15:54:20.912 [Test worker] DEBUG org.springframework.test.web.servlet.TestDispatcherServlet - Detected org.springframework.web.servlet.view.DefaultRequestToViewNameTranslator@604b1e1d
15:54:20.912 [Test worker] DEBUG org.springframework.test.web.servlet.TestDispatcherServlet - Detected org.springframework.web.servlet.support.SessionFlashMapManager@62566842
15:54:20.912 [Test worker] DEBUG org.springframework.test.web.servlet.TestDispatcherServlet - enableLoggingRequestDetails='false': request parameters and headers will be masked to prevent unsafe logging of potentially sensitive data
15:54:20.912 [Test worker] INFO org.springframework.test.web.servlet.TestDispatcherServlet - Completed initialization in 0 ms
15:54:20.913 [Test worker] INFO com.bci.tareas.controllers.ControllerConsulta - todo los usuarios
]]></system-out>
  <system-err><![CDATA[]]></system-err>
</testsuite>
