<?xml version="1.0" encoding="UTF-8"?>
<testsuite name="com.bci.tareas.controllers.ControllerRegistrationTest" tests="4" skipped="0" failures="0" errors="0" timestamp="2025-07-02T18:02:38.246Z" hostname="IMICL-86WSV" time="0.175">
  <properties/>
  <testcase name="saveRecordSucesfull_201OK()" classname="com.bci.tareas.controllers.ControllerRegistrationTest" time="0.02"/>
  <testcase name="saveRegistro_integrationOK()" classname="com.bci.tareas.controllers.ControllerRegistrationTest" time="0.122"/>
  <testcase name="saveRecordNameNullFault_400NOK()" classname="com.bci.tareas.controllers.ControllerRegistrationTest" time="0.015"/>
  <testcase name="saveRecordEmailErrorFault_400NOK()" classname="com.bci.tareas.controllers.ControllerRegistrationTest" time="0.015"/>
  <system-out><![CDATA[14:02:38.252 [Test worker] DEBUG _org.springframework.web.servlet.HandlerMapping.Mappings - 
	c.b.t.c.ControllerRegistation:
	{POST [/registro/usuario/sign-up], produces [application/json]}: saveUsuario(UsuarioDTO)
14:02:38.255 [Test worker] DEBUG org.springframework.web.servlet.mvc.method.annotation.RequestMappingHandlerMapping - 1 mappings in org.springframework.web.servlet.mvc.method.annotation.RequestMappingHandlerMapping
14:02:38.259 [Test worker] DEBUG org.springframework.web.servlet.mvc.method.annotation.RequestMappingHandlerAdapter - ControllerAdvice beans: 0 @ModelAttribute, 0 @InitBinder, 1 RequestBodyAdvice, 1 ResponseBodyAdvice
14:02:38.260 [Test worker] DEBUG org.springframework.web.servlet.mvc.method.annotation.ExceptionHandlerExceptionResolver - ControllerAdvice beans: 0 @ExceptionHandler, 1 ResponseBodyAdvice
14:02:38.260 [Test worker] INFO org.springframework.mock.web.MockServletContext - Initializing Spring TestDispatcherServlet ''
14:02:38.260 [Test worker] INFO org.springframework.test.web.servlet.TestDispatcherServlet - Initializing Servlet ''
14:02:38.261 [Test worker] DEBUG org.springframework.test.web.servlet.TestDispatcherServlet - Detected AcceptHeaderLocaleResolver
14:02:38.261 [Test worker] DEBUG org.springframework.test.web.servlet.TestDispatcherServlet - Detected FixedThemeResolver
14:02:38.261 [Test worker] DEBUG org.springframework.test.web.servlet.TestDispatcherServlet - Detected org.springframework.web.servlet.view.DefaultRequestToViewNameTranslator@de77232
14:02:38.261 [Test worker] DEBUG org.springframework.test.web.servlet.TestDispatcherServlet - Detected org.springframework.web.servlet.support.SessionFlashMapManager@62628e78
14:02:38.261 [Test worker] DEBUG org.springframework.test.web.servlet.TestDispatcherServlet - enableLoggingRequestDetails='false': request parameters and headers will be masked to prevent unsafe logging of potentially sensitive data
14:02:38.261 [Test worker] INFO org.springframework.test.web.servlet.TestDispatcherServlet - Completed initialization in 1 ms
14:02:38.263 [Test worker] INFO com.bci.tareas.controllers.ControllerRegistation - grabar tareas
14:02:38.264 [Test worker] INFO com.bci.tareas.controllers.ControllerRegistation - uuid 736f4668-a216-3c68-9dac-a830ac7bf80f
14:02:38.264 [Test worker] INFO com.bci.tareas.controllers.ControllerRegistation - In prodnull
14:02:38.266 [Test worker] INFO com.bci.tareas.helper.PasswordValidator - password : A23bbbccc@
14:02:38.266 [Test worker] INFO com.bci.tareas.helper.PasswordValidator - PatronPassword : ^(?=.*[0-9])(?=.*[a-z])(?=.*[A-Z])(?=.*[!@#&()?[{}]:;',?/*~$^+=<>]).{8,20}$
14:02:38.271 [Test worker] DEBUG _org.springframework.web.servlet.HandlerMapping.Mappings - 
	c.b.t.c.ControllerRegistation:
	{POST [/registro/usuario/sign-up], produces [application/json]}: saveUsuario(UsuarioDTO)
14:02:38.271 [Test worker] DEBUG org.springframework.web.servlet.mvc.method.annotation.RequestMappingHandlerMapping - 1 mappings in org.springframework.web.servlet.mvc.method.annotation.RequestMappingHandlerMapping
14:02:38.275 [Test worker] DEBUG org.springframework.web.servlet.mvc.method.annotation.RequestMappingHandlerAdapter - ControllerAdvice beans: 0 @ModelAttribute, 0 @InitBinder, 1 RequestBodyAdvice, 1 ResponseBodyAdvice
14:02:38.277 [Test worker] DEBUG org.springframework.web.servlet.mvc.method.annotation.ExceptionHandlerExceptionResolver - ControllerAdvice beans: 0 @ExceptionHandler, 1 ResponseBodyAdvice
14:02:38.277 [Test worker] INFO org.springframework.mock.web.MockServletContext - Initializing Spring TestDispatcherServlet ''
14:02:38.277 [Test worker] INFO org.springframework.test.web.servlet.TestDispatcherServlet - Initializing Servlet ''
14:02:38.277 [Test worker] DEBUG org.springframework.test.web.servlet.TestDispatcherServlet - Detected AcceptHeaderLocaleResolver
14:02:38.277 [Test worker] DEBUG org.springframework.test.web.servlet.TestDispatcherServlet - Detected FixedThemeResolver
14:02:38.277 [Test worker] DEBUG org.springframework.test.web.servlet.TestDispatcherServlet - Detected org.springframework.web.servlet.view.DefaultRequestToViewNameTranslator@3f4cd155
14:02:38.277 [Test worker] DEBUG org.springframework.test.web.servlet.TestDispatcherServlet - Detected org.springframework.web.servlet.support.SessionFlashMapManager@563a89b5
14:02:38.277 [Test worker] DEBUG org.springframework.test.web.servlet.TestDispatcherServlet - enableLoggingRequestDetails='false': request parameters and headers will be masked to prevent unsafe logging of potentially sensitive data
14:02:38.277 [Test worker] INFO org.springframework.test.web.servlet.TestDispatcherServlet - Completed initialization in 0 ms
14:02:38.315 [Test worker] DEBUG org.springframework.test.web.servlet.TestDispatcherServlet - POST "/registro/usuario/sign-up", parameters={}
14:02:38.316 [Test worker] DEBUG org.springframework.web.servlet.mvc.method.annotation.RequestMappingHandlerMapping - Mapped to com.bci.tareas.controllers.ControllerRegistation#saveUsuario(UsuarioDTO)
14:02:38.365 [Test worker] DEBUG org.springframework.web.servlet.mvc.method.annotation.RequestResponseBodyMethodProcessor - Read "application/json" to [UsuarioDTO(id=98c6f2c2-287f-3c73-8ea3-d40ae7ec3ff2, name=augusto Espinoza, password=A23bbbccc@, emai (truncated)...]
14:02:38.385 [Test worker] INFO com.bci.tareas.controllers.ControllerRegistation - grabar tareas
14:02:38.386 [Test worker] INFO com.bci.tareas.controllers.ControllerRegistation - uuid 736f4668-a216-3c68-9dac-a830ac7bf80f
14:02:38.386 [Test worker] INFO com.bci.tareas.controllers.ControllerRegistation - In prodnull
14:02:38.386 [Test worker] INFO com.bci.tareas.helper.PasswordValidator - password : A23bbbccc@
14:02:38.386 [Test worker] INFO com.bci.tareas.helper.PasswordValidator - PatronPassword : ^(?=.*[0-9])(?=.*[a-z])(?=.*[A-Z])(?=.*[!@#&()?[{}]:;',?/*~$^+=<>]).{8,20}$
14:02:38.387 [Test worker] DEBUG org.springframework.web.servlet.mvc.method.annotation.HttpEntityMethodProcessor - Using 'application/json', given [*/*] and supported [application/json]
14:02:38.388 [Test worker] DEBUG org.springframework.web.servlet.mvc.method.annotation.HttpEntityMethodProcessor - Writing [RespuestaDTO(msg=null, uuid=null, name=augusto Espinoza, password=null, email=null, created=12-08-19 (truncated)...]
14:02:38.390 [Test worker] DEBUG org.springframework.test.web.servlet.TestDispatcherServlet - Completed 201 CREATED
14:02:38.395 [Test worker] DEBUG _org.springframework.web.servlet.HandlerMapping.Mappings - 
	c.b.t.c.ControllerRegistation:
	{POST [/registro/usuario/sign-up], produces [application/json]}: saveUsuario(UsuarioDTO)
14:02:38.395 [Test worker] DEBUG org.springframework.web.servlet.mvc.method.annotation.RequestMappingHandlerMapping - 1 mappings in org.springframework.web.servlet.mvc.method.annotation.RequestMappingHandlerMapping
14:02:38.401 [Test worker] DEBUG org.springframework.web.servlet.mvc.method.annotation.RequestMappingHandlerAdapter - ControllerAdvice beans: 0 @ModelAttribute, 0 @InitBinder, 1 RequestBodyAdvice, 1 ResponseBodyAdvice
14:02:38.403 [Test worker] DEBUG org.springframework.web.servlet.mvc.method.annotation.ExceptionHandlerExceptionResolver - ControllerAdvice beans: 0 @ExceptionHandler, 1 ResponseBodyAdvice
14:02:38.403 [Test worker] INFO org.springframework.mock.web.MockServletContext - Initializing Spring TestDispatcherServlet ''
14:02:38.403 [Test worker] INFO org.springframework.test.web.servlet.TestDispatcherServlet - Initializing Servlet ''
14:02:38.404 [Test worker] DEBUG org.springframework.test.web.servlet.TestDispatcherServlet - Detected AcceptHeaderLocaleResolver
14:02:38.404 [Test worker] DEBUG org.springframework.test.web.servlet.TestDispatcherServlet - Detected FixedThemeResolver
14:02:38.404 [Test worker] DEBUG org.springframework.test.web.servlet.TestDispatcherServlet - Detected org.springframework.web.servlet.view.DefaultRequestToViewNameTranslator@20011bf
14:02:38.404 [Test worker] DEBUG org.springframework.test.web.servlet.TestDispatcherServlet - Detected org.springframework.web.servlet.support.SessionFlashMapManager@51d9b06c
14:02:38.404 [Test worker] DEBUG org.springframework.test.web.servlet.TestDispatcherServlet - enableLoggingRequestDetails='false': request parameters and headers will be masked to prevent unsafe logging of potentially sensitive data
14:02:38.404 [Test worker] INFO org.springframework.test.web.servlet.TestDispatcherServlet - Completed initialization in 0 ms
14:02:38.404 [Test worker] INFO com.bci.tareas.controllers.ControllerRegistation - grabar tareas
14:02:38.406 [Test worker] INFO com.bci.tareas.controllers.ControllerRegistation - uuid 736f4668-a216-3c68-9dac-a830ac7bf80f
14:02:38.406 [Test worker] INFO com.bci.tareas.controllers.ControllerRegistation - In prodnull
14:02:38.406 [Test worker] DEBUG com.bci.tareas.controllers.ControllerRegistation - nombre  es null
14:02:38.412 [Test worker] DEBUG _org.springframework.web.servlet.HandlerMapping.Mappings - 
	c.b.t.c.ControllerRegistation:
	{POST [/registro/usuario/sign-up], produces [application/json]}: saveUsuario(UsuarioDTO)
14:02:38.412 [Test worker] DEBUG org.springframework.web.servlet.mvc.method.annotation.RequestMappingHandlerMapping - 1 mappings in org.springframework.web.servlet.mvc.method.annotation.RequestMappingHandlerMapping
14:02:38.417 [Test worker] DEBUG org.springframework.web.servlet.mvc.method.annotation.RequestMappingHandlerAdapter - ControllerAdvice beans: 0 @ModelAttribute, 0 @InitBinder, 1 RequestBodyAdvice, 1 ResponseBodyAdvice
14:02:38.420 [Test worker] DEBUG org.springframework.web.servlet.mvc.method.annotation.ExceptionHandlerExceptionResolver - ControllerAdvice beans: 0 @ExceptionHandler, 1 ResponseBodyAdvice
14:02:38.420 [Test worker] INFO org.springframework.mock.web.MockServletContext - Initializing Spring TestDispatcherServlet ''
14:02:38.420 [Test worker] INFO org.springframework.test.web.servlet.TestDispatcherServlet - Initializing Servlet ''
14:02:38.421 [Test worker] DEBUG org.springframework.test.web.servlet.TestDispatcherServlet - Detected AcceptHeaderLocaleResolver
14:02:38.421 [Test worker] DEBUG org.springframework.test.web.servlet.TestDispatcherServlet - Detected FixedThemeResolver
14:02:38.421 [Test worker] DEBUG org.springframework.test.web.servlet.TestDispatcherServlet - Detected org.springframework.web.servlet.view.DefaultRequestToViewNameTranslator@3f985a86
14:02:38.421 [Test worker] DEBUG org.springframework.test.web.servlet.TestDispatcherServlet - Detected org.springframework.web.servlet.support.SessionFlashMapManager@57a2ed35
14:02:38.421 [Test worker] DEBUG org.springframework.test.web.servlet.TestDispatcherServlet - enableLoggingRequestDetails='false': request parameters and headers will be masked to prevent unsafe logging of potentially sensitive data
14:02:38.421 [Test worker] INFO org.springframework.test.web.servlet.TestDispatcherServlet - Completed initialization in 0 ms
14:02:38.422 [Test worker] INFO com.bci.tareas.controllers.ControllerRegistation - grabar tareas
14:02:38.422 [Test worker] INFO com.bci.tareas.controllers.ControllerRegistation - uuid 736f4668-a216-3c68-9dac-a830ac7bf80f
14:02:38.422 [Test worker] INFO com.bci.tareas.controllers.ControllerRegistation - In prodnull
14:02:38.422 [Test worker] DEBUG com.bci.tareas.controllers.ControllerRegistation - email invalido
]]></system-out>
  <system-err><![CDATA[]]></system-err>
</testsuite>
