<?xml version="1.0" encoding="UTF-8"?>
<testsuite name="com.bci.tareas.test.PasswordValidatorTest" tests="19" skipped="0" failures="0" errors="0" timestamp="2025-07-02T18:02:35.464Z" hostname="IMICL-86WSV" time="0.047">
  <properties/>
  <testcase name="#1 - Run test with password = 12345678" classname="com.bci.tareas.test.PasswordValidatorTest" time="0.007"/>
  <testcase name="#2 - Run test with password = abcdefgh" classname="com.bci.tareas.test.PasswordValidatorTest" time="0.001"/>
  <testcase name="#3 - Run test with password = ABCDEFGH" classname="com.bci.tareas.test.PasswordValidatorTest" time="0.002"/>
  <testcase name="#4 - Run test with password = abc123$$$" classname="com.bci.tareas.test.PasswordValidatorTest" time="0.001"/>
  <testcase name="#5 - Run test with password = ABC123$$$" classname="com.bci.tareas.test.PasswordValidatorTest" time="0.002"/>
  <testcase name="#6 - Run test with password = ABC$$$$$$" classname="com.bci.tareas.test.PasswordValidatorTest" time="0.0"/>
  <testcase name="#7 - Run test with password = java REGEX 123" classname="com.bci.tareas.test.PasswordValidatorTest" time="0.001"/>
  <testcase name="#8 - Run test with password = java REGEX 123 %" classname="com.bci.tareas.test.PasswordValidatorTest" time="0.001"/>
  <testcase name="#9 - Run test with password = ________" classname="com.bci.tareas.test.PasswordValidatorTest" time="0.001"/>
  <testcase name="#10 - Run test with password = --------" classname="com.bci.tareas.test.PasswordValidatorTest" time="0.001"/>
  <testcase name="#11 - Run test with password =  " classname="com.bci.tareas.test.PasswordValidatorTest" time="0.001"/>
  <testcase name="#12 - Run test with password = Asds23" classname="com.bci.tareas.test.PasswordValidatorTest" time="0.001"/>
  <testcase name="[1] password=A23bbbccc@" classname="com.bci.tareas.test.PasswordValidatorTest" time="0.001"/>
  <testcase name="[2] password=Hello@12" classname="com.bci.tareas.test.PasswordValidatorTest" time="0.001"/>
  <testcase name="[3] password=A!@#2&amp;()aa1" classname="com.bci.tareas.test.PasswordValidatorTest" time="0.0"/>
  <testcase name="[4] password=A[{2@}]:;a" classname="com.bci.tareas.test.PasswordValidatorTest" time="0.001"/>
  <testcase name="[5] password=A7$^+=2a#" classname="com.bci.tareas.test.PasswordValidatorTest" time="0.0"/>
  <testcase name="[6] password=A89$abcdeab" classname="com.bci.tareas.test.PasswordValidatorTest" time="0.001"/>
  <testcase name="[7] password=12fAa$wa" classname="com.bci.tareas.test.PasswordValidatorTest" time="0.001"/>
  <system-out><![CDATA[14:02:35.466 [Test worker] INFO com.bci.tareas.test.PasswordValidatorTest - password no validas =12345678
14:02:35.471 [Test worker] INFO com.bci.tareas.helper.PasswordValidator - password : 12345678
14:02:35.471 [Test worker] INFO com.bci.tareas.helper.PasswordValidator - PatronPassword : ^(?=.*[0-9])(?=.*[a-z])(?=.*[A-Z])(?=.*[!@#&()?[{}]:;',?/*~$^+=<>]).{8,20}$
14:02:35.473 [Test worker] INFO com.bci.tareas.test.PasswordValidatorTest - password no validas =abcdefgh
14:02:35.473 [Test worker] INFO com.bci.tareas.helper.PasswordValidator - password : abcdefgh
14:02:35.473 [Test worker] INFO com.bci.tareas.helper.PasswordValidator - PatronPassword : ^(?=.*[0-9])(?=.*[a-z])(?=.*[A-Z])(?=.*[!@#&()?[{}]:;',?/*~$^+=<>]).{8,20}$
14:02:35.476 [Test worker] INFO com.bci.tareas.test.PasswordValidatorTest - password no validas =ABCDEFGH
14:02:35.476 [Test worker] INFO com.bci.tareas.helper.PasswordValidator - password : ABCDEFGH
14:02:35.476 [Test worker] INFO com.bci.tareas.helper.PasswordValidator - PatronPassword : ^(?=.*[0-9])(?=.*[a-z])(?=.*[A-Z])(?=.*[!@#&()?[{}]:;',?/*~$^+=<>]).{8,20}$
14:02:35.479 [Test worker] INFO com.bci.tareas.test.PasswordValidatorTest - password no validas =abc123$$$
14:02:35.479 [Test worker] INFO com.bci.tareas.helper.PasswordValidator - password : abc123$$$
14:02:35.479 [Test worker] INFO com.bci.tareas.helper.PasswordValidator - PatronPassword : ^(?=.*[0-9])(?=.*[a-z])(?=.*[A-Z])(?=.*[!@#&()?[{}]:;',?/*~$^+=<>]).{8,20}$
14:02:35.481 [Test worker] INFO com.bci.tareas.test.PasswordValidatorTest - password no validas =ABC123$$$
14:02:35.481 [Test worker] INFO com.bci.tareas.helper.PasswordValidator - password : ABC123$$$
14:02:35.481 [Test worker] INFO com.bci.tareas.helper.PasswordValidator - PatronPassword : ^(?=.*[0-9])(?=.*[a-z])(?=.*[A-Z])(?=.*[!@#&()?[{}]:;',?/*~$^+=<>]).{8,20}$
14:02:35.482 [Test worker] INFO com.bci.tareas.test.PasswordValidatorTest - password no validas =ABC$$$$$$
14:02:35.482 [Test worker] INFO com.bci.tareas.helper.PasswordValidator - password : ABC$$$$$$
14:02:35.482 [Test worker] INFO com.bci.tareas.helper.PasswordValidator - PatronPassword : ^(?=.*[0-9])(?=.*[a-z])(?=.*[A-Z])(?=.*[!@#&()?[{}]:;',?/*~$^+=<>]).{8,20}$
14:02:35.485 [Test worker] INFO com.bci.tareas.test.PasswordValidatorTest - password no validas =java REGEX 123
14:02:35.485 [Test worker] INFO com.bci.tareas.helper.PasswordValidator - password : java REGEX 123
14:02:35.485 [Test worker] INFO com.bci.tareas.helper.PasswordValidator - PatronPassword : ^(?=.*[0-9])(?=.*[a-z])(?=.*[A-Z])(?=.*[!@#&()?[{}]:;',?/*~$^+=<>]).{8,20}$
14:02:35.487 [Test worker] INFO com.bci.tareas.test.PasswordValidatorTest - password no validas =java REGEX 123 %
14:02:35.487 [Test worker] INFO com.bci.tareas.helper.PasswordValidator - password : java REGEX 123 %
14:02:35.487 [Test worker] INFO com.bci.tareas.helper.PasswordValidator - PatronPassword : ^(?=.*[0-9])(?=.*[a-z])(?=.*[A-Z])(?=.*[!@#&()?[{}]:;',?/*~$^+=<>]).{8,20}$
14:02:35.489 [Test worker] INFO com.bci.tareas.test.PasswordValidatorTest - password no validas =________
14:02:35.489 [Test worker] INFO com.bci.tareas.helper.PasswordValidator - password : ________
14:02:35.489 [Test worker] INFO com.bci.tareas.helper.PasswordValidator - PatronPassword : ^(?=.*[0-9])(?=.*[a-z])(?=.*[A-Z])(?=.*[!@#&()?[{}]:;',?/*~$^+=<>]).{8,20}$
14:02:35.492 [Test worker] INFO com.bci.tareas.test.PasswordValidatorTest - password no validas =--------
14:02:35.492 [Test worker] INFO com.bci.tareas.helper.PasswordValidator - password : --------
14:02:35.492 [Test worker] INFO com.bci.tareas.helper.PasswordValidator - PatronPassword : ^(?=.*[0-9])(?=.*[a-z])(?=.*[A-Z])(?=.*[!@#&()?[{}]:;',?/*~$^+=<>]).{8,20}$
14:02:35.493 [Test worker] INFO com.bci.tareas.test.PasswordValidatorTest - password no validas = 
14:02:35.493 [Test worker] INFO com.bci.tareas.helper.PasswordValidator - password :  
14:02:35.494 [Test worker] INFO com.bci.tareas.helper.PasswordValidator - PatronPassword : ^(?=.*[0-9])(?=.*[a-z])(?=.*[A-Z])(?=.*[!@#&()?[{}]:;',?/*~$^+=<>]).{8,20}$
14:02:35.495 [Test worker] INFO com.bci.tareas.test.PasswordValidatorTest - password no validas =Asds23
14:02:35.495 [Test worker] INFO com.bci.tareas.helper.PasswordValidator - password : Asds23
14:02:35.496 [Test worker] INFO com.bci.tareas.helper.PasswordValidator - PatronPassword : ^(?=.*[0-9])(?=.*[a-z])(?=.*[A-Z])(?=.*[!@#&()?[{}]:;',?/*~$^+=<>]).{8,20}$
14:02:35.500 [Test worker] INFO com.bci.tareas.test.PasswordValidatorTest - password  validas =A23bbbccc@
14:02:35.500 [Test worker] INFO com.bci.tareas.helper.PasswordValidator - password : A23bbbccc@
14:02:35.501 [Test worker] INFO com.bci.tareas.helper.PasswordValidator - PatronPassword : ^(?=.*[0-9])(?=.*[a-z])(?=.*[A-Z])(?=.*[!@#&()?[{}]:;',?/*~$^+=<>]).{8,20}$
14:02:35.502 [Test worker] INFO com.bci.tareas.test.PasswordValidatorTest - password  validas =Hello@12
14:02:35.502 [Test worker] INFO com.bci.tareas.helper.PasswordValidator - password : Hello@12
14:02:35.502 [Test worker] INFO com.bci.tareas.helper.PasswordValidator - PatronPassword : ^(?=.*[0-9])(?=.*[a-z])(?=.*[A-Z])(?=.*[!@#&()?[{}]:;',?/*~$^+=<>]).{8,20}$
14:02:35.504 [Test worker] INFO com.bci.tareas.test.PasswordValidatorTest - password  validas =A!@#2&()aa1
14:02:35.504 [Test worker] INFO com.bci.tareas.helper.PasswordValidator - password : A!@#2&()aa1
14:02:35.504 [Test worker] INFO com.bci.tareas.helper.PasswordValidator - PatronPassword : ^(?=.*[0-9])(?=.*[a-z])(?=.*[A-Z])(?=.*[!@#&()?[{}]:;',?/*~$^+=<>]).{8,20}$
14:02:35.506 [Test worker] INFO com.bci.tareas.test.PasswordValidatorTest - password  validas =A[{2@}]:;a
14:02:35.506 [Test worker] INFO com.bci.tareas.helper.PasswordValidator - password : A[{2@}]:;a
14:02:35.506 [Test worker] INFO com.bci.tareas.helper.PasswordValidator - PatronPassword : ^(?=.*[0-9])(?=.*[a-z])(?=.*[A-Z])(?=.*[!@#&()?[{}]:;',?/*~$^+=<>]).{8,20}$
14:02:35.507 [Test worker] INFO com.bci.tareas.test.PasswordValidatorTest - password  validas =A7$^+=2a#
14:02:35.508 [Test worker] INFO com.bci.tareas.helper.PasswordValidator - password : A7$^+=2a#
14:02:35.508 [Test worker] INFO com.bci.tareas.helper.PasswordValidator - PatronPassword : ^(?=.*[0-9])(?=.*[a-z])(?=.*[A-Z])(?=.*[!@#&()?[{}]:;',?/*~$^+=<>]).{8,20}$
14:02:35.509 [Test worker] INFO com.bci.tareas.test.PasswordValidatorTest - password  validas =A89$abcdeab
14:02:35.509 [Test worker] INFO com.bci.tareas.helper.PasswordValidator - password : A89$abcdeab
14:02:35.509 [Test worker] INFO com.bci.tareas.helper.PasswordValidator - PatronPassword : ^(?=.*[0-9])(?=.*[a-z])(?=.*[A-Z])(?=.*[!@#&()?[{}]:;',?/*~$^+=<>]).{8,20}$
14:02:35.512 [Test worker] INFO com.bci.tareas.test.PasswordValidatorTest - password  validas =12fAa$wa
14:02:35.512 [Test worker] INFO com.bci.tareas.helper.PasswordValidator - password : 12fAa$wa
14:02:35.512 [Test worker] INFO com.bci.tareas.helper.PasswordValidator - PatronPassword : ^(?=.*[0-9])(?=.*[a-z])(?=.*[A-Z])(?=.*[!@#&()?[{}]:;',?/*~$^+=<>]).{8,20}$
]]></system-out>
  <system-err><![CDATA[]]></system-err>
</testsuite>
