<?xml version="1.0" encoding="UTF-8"?>
<testsuite name="com.bci.tareas.test.PasswordValidatorTest" tests="19" skipped="0" failures="0" errors="0" timestamp="2025-07-02T19:54:18.520Z" hostname="IMICL-86WSV" time="0.046">
  <properties/>
  <testcase name="#1 - Run test with password = 12345678" classname="com.bci.tareas.test.PasswordValidatorTest" time="0.006"/>
  <testcase name="#2 - Run test with password = abcdefgh" classname="com.bci.tareas.test.PasswordValidatorTest" time="0.001"/>
  <testcase name="#3 - Run test with password = ABCDEFGH" classname="com.bci.tareas.test.PasswordValidatorTest" time="0.001"/>
  <testcase name="#4 - Run test with password = abc123$$$" classname="com.bci.tareas.test.PasswordValidatorTest" time="0.001"/>
  <testcase name="#5 - Run test with password = ABC123$$$" classname="com.bci.tareas.test.PasswordValidatorTest" time="0.001"/>
  <testcase name="#6 - Run test with password = ABC$$$$$$" classname="com.bci.tareas.test.PasswordValidatorTest" time="0.001"/>
  <testcase name="#7 - Run test with password = java REGEX 123" classname="com.bci.tareas.test.PasswordValidatorTest" time="0.001"/>
  <testcase name="#8 - Run test with password = java REGEX 123 %" classname="com.bci.tareas.test.PasswordValidatorTest" time="0.0"/>
  <testcase name="#9 - Run test with password = ________" classname="com.bci.tareas.test.PasswordValidatorTest" time="0.001"/>
  <testcase name="#10 - Run test with password = --------" classname="com.bci.tareas.test.PasswordValidatorTest" time="0.001"/>
  <testcase name="#11 - Run test with password =  " classname="com.bci.tareas.test.PasswordValidatorTest" time="0.001"/>
  <testcase name="#12 - Run test with password = Asds23" classname="com.bci.tareas.test.PasswordValidatorTest" time="0.001"/>
  <testcase name="[1] password=A23bbbccc@" classname="com.bci.tareas.test.PasswordValidatorTest" time="0.001"/>
  <testcase name="[2] password=Hello@12" classname="com.bci.tareas.test.PasswordValidatorTest" time="0.001"/>
  <testcase name="[3] password=A!@#2&amp;()aa1" classname="com.bci.tareas.test.PasswordValidatorTest" time="0.001"/>
  <testcase name="[4] password=A[{2@}]:;a" classname="com.bci.tareas.test.PasswordValidatorTest" time="0.002"/>
  <testcase name="[5] password=A7$^+=2a#" classname="com.bci.tareas.test.PasswordValidatorTest" time="0.001"/>
  <testcase name="[6] password=A89$abcdeab" classname="com.bci.tareas.test.PasswordValidatorTest" time="0.001"/>
  <testcase name="[7] password=12fAa$wa" classname="com.bci.tareas.test.PasswordValidatorTest" time="0.001"/>
  <system-out><![CDATA[15:54:18.521 [Test worker] INFO com.bci.tareas.test.PasswordValidatorTest - password no validas =12345678
15:54:18.526 [Test worker] INFO com.bci.tareas.helper.PasswordValidator - password : 12345678
15:54:18.526 [Test worker] INFO com.bci.tareas.helper.PasswordValidator - PatronPassword : ^(?=.*[0-9])(?=.*[a-z])(?=.*[A-Z])(?=.*[!@#&()?[{}]:;',?/*~$^+=<>]).{8,20}$
15:54:18.528 [Test worker] INFO com.bci.tareas.test.PasswordValidatorTest - password no validas =abcdefgh
15:54:18.528 [Test worker] INFO com.bci.tareas.helper.PasswordValidator - password : abcdefgh
15:54:18.528 [Test worker] INFO com.bci.tareas.helper.PasswordValidator - PatronPassword : ^(?=.*[0-9])(?=.*[a-z])(?=.*[A-Z])(?=.*[!@#&()?[{}]:;',?/*~$^+=<>]).{8,20}$
15:54:18.530 [Test worker] INFO com.bci.tareas.test.PasswordValidatorTest - password no validas =ABCDEFGH
15:54:18.531 [Test worker] INFO com.bci.tareas.helper.PasswordValidator - password : ABCDEFGH
15:54:18.531 [Test worker] INFO com.bci.tareas.helper.PasswordValidator - PatronPassword : ^(?=.*[0-9])(?=.*[a-z])(?=.*[A-Z])(?=.*[!@#&()?[{}]:;',?/*~$^+=<>]).{8,20}$
15:54:18.533 [Test worker] INFO com.bci.tareas.test.PasswordValidatorTest - password no validas =abc123$$$
15:54:18.533 [Test worker] INFO com.bci.tareas.helper.PasswordValidator - password : abc123$$$
15:54:18.533 [Test worker] INFO com.bci.tareas.helper.PasswordValidator - PatronPassword : ^(?=.*[0-9])(?=.*[a-z])(?=.*[A-Z])(?=.*[!@#&()?[{}]:;',?/*~$^+=<>]).{8,20}$
15:54:18.534 [Test worker] INFO com.bci.tareas.test.PasswordValidatorTest - password no validas =ABC123$$$
15:54:18.535 [Test worker] INFO com.bci.tareas.helper.PasswordValidator - password : ABC123$$$
15:54:18.535 [Test worker] INFO com.bci.tareas.helper.PasswordValidator - PatronPassword : ^(?=.*[0-9])(?=.*[a-z])(?=.*[A-Z])(?=.*[!@#&()?[{}]:;',?/*~$^+=<>]).{8,20}$
15:54:18.537 [Test worker] INFO com.bci.tareas.test.PasswordValidatorTest - password no validas =ABC$$$$$$
15:54:18.537 [Test worker] INFO com.bci.tareas.helper.PasswordValidator - password : ABC$$$$$$
15:54:18.537 [Test worker] INFO com.bci.tareas.helper.PasswordValidator - PatronPassword : ^(?=.*[0-9])(?=.*[a-z])(?=.*[A-Z])(?=.*[!@#&()?[{}]:;',?/*~$^+=<>]).{8,20}$
15:54:18.538 [Test worker] INFO com.bci.tareas.test.PasswordValidatorTest - password no validas =java REGEX 123
15:54:18.538 [Test worker] INFO com.bci.tareas.helper.PasswordValidator - password : java REGEX 123
15:54:18.538 [Test worker] INFO com.bci.tareas.helper.PasswordValidator - PatronPassword : ^(?=.*[0-9])(?=.*[a-z])(?=.*[A-Z])(?=.*[!@#&()?[{}]:;',?/*~$^+=<>]).{8,20}$
15:54:18.540 [Test worker] INFO com.bci.tareas.test.PasswordValidatorTest - password no validas =java REGEX 123 %
15:54:18.540 [Test worker] INFO com.bci.tareas.helper.PasswordValidator - password : java REGEX 123 %
15:54:18.540 [Test worker] INFO com.bci.tareas.helper.PasswordValidator - PatronPassword : ^(?=.*[0-9])(?=.*[a-z])(?=.*[A-Z])(?=.*[!@#&()?[{}]:;',?/*~$^+=<>]).{8,20}$
15:54:18.541 [Test worker] INFO com.bci.tareas.test.PasswordValidatorTest - password no validas =________
15:54:18.541 [Test worker] INFO com.bci.tareas.helper.PasswordValidator - password : ________
15:54:18.541 [Test worker] INFO com.bci.tareas.helper.PasswordValidator - PatronPassword : ^(?=.*[0-9])(?=.*[a-z])(?=.*[A-Z])(?=.*[!@#&()?[{}]:;',?/*~$^+=<>]).{8,20}$
15:54:18.544 [Test worker] INFO com.bci.tareas.test.PasswordValidatorTest - password no validas =--------
15:54:18.544 [Test worker] INFO com.bci.tareas.helper.PasswordValidator - password : --------
15:54:18.544 [Test worker] INFO com.bci.tareas.helper.PasswordValidator - PatronPassword : ^(?=.*[0-9])(?=.*[a-z])(?=.*[A-Z])(?=.*[!@#&()?[{}]:;',?/*~$^+=<>]).{8,20}$
15:54:18.545 [Test worker] INFO com.bci.tareas.test.PasswordValidatorTest - password no validas = 
15:54:18.545 [Test worker] INFO com.bci.tareas.helper.PasswordValidator - password :  
15:54:18.545 [Test worker] INFO com.bci.tareas.helper.PasswordValidator - PatronPassword : ^(?=.*[0-9])(?=.*[a-z])(?=.*[A-Z])(?=.*[!@#&()?[{}]:;',?/*~$^+=<>]).{8,20}$
15:54:18.546 [Test worker] INFO com.bci.tareas.test.PasswordValidatorTest - password no validas =Asds23
15:54:18.546 [Test worker] INFO com.bci.tareas.helper.PasswordValidator - password : Asds23
15:54:18.546 [Test worker] INFO com.bci.tareas.helper.PasswordValidator - PatronPassword : ^(?=.*[0-9])(?=.*[a-z])(?=.*[A-Z])(?=.*[!@#&()?[{}]:;',?/*~$^+=<>]).{8,20}$
15:54:18.551 [Test worker] INFO com.bci.tareas.test.PasswordValidatorTest - password  validas =A23bbbccc@
15:54:18.551 [Test worker] INFO com.bci.tareas.helper.PasswordValidator - password : A23bbbccc@
15:54:18.552 [Test worker] INFO com.bci.tareas.helper.PasswordValidator - PatronPassword : ^(?=.*[0-9])(?=.*[a-z])(?=.*[A-Z])(?=.*[!@#&()?[{}]:;',?/*~$^+=<>]).{8,20}$
15:54:18.553 [Test worker] INFO com.bci.tareas.test.PasswordValidatorTest - password  validas =Hello@12
15:54:18.553 [Test worker] INFO com.bci.tareas.helper.PasswordValidator - password : Hello@12
15:54:18.553 [Test worker] INFO com.bci.tareas.helper.PasswordValidator - PatronPassword : ^(?=.*[0-9])(?=.*[a-z])(?=.*[A-Z])(?=.*[!@#&()?[{}]:;',?/*~$^+=<>]).{8,20}$
15:54:18.555 [Test worker] INFO com.bci.tareas.test.PasswordValidatorTest - password  validas =A!@#2&()aa1
15:54:18.555 [Test worker] INFO com.bci.tareas.helper.PasswordValidator - password : A!@#2&()aa1
15:54:18.555 [Test worker] INFO com.bci.tareas.helper.PasswordValidator - PatronPassword : ^(?=.*[0-9])(?=.*[a-z])(?=.*[A-Z])(?=.*[!@#&()?[{}]:;',?/*~$^+=<>]).{8,20}$
15:54:18.559 [Test worker] INFO com.bci.tareas.test.PasswordValidatorTest - password  validas =A[{2@}]:;a
15:54:18.560 [Test worker] INFO com.bci.tareas.helper.PasswordValidator - password : A[{2@}]:;a
15:54:18.560 [Test worker] INFO com.bci.tareas.helper.PasswordValidator - PatronPassword : ^(?=.*[0-9])(?=.*[a-z])(?=.*[A-Z])(?=.*[!@#&()?[{}]:;',?/*~$^+=<>]).{8,20}$
15:54:18.562 [Test worker] INFO com.bci.tareas.test.PasswordValidatorTest - password  validas =A7$^+=2a#
15:54:18.562 [Test worker] INFO com.bci.tareas.helper.PasswordValidator - password : A7$^+=2a#
15:54:18.562 [Test worker] INFO com.bci.tareas.helper.PasswordValidator - PatronPassword : ^(?=.*[0-9])(?=.*[a-z])(?=.*[A-Z])(?=.*[!@#&()?[{}]:;',?/*~$^+=<>]).{8,20}$
15:54:18.563 [Test worker] INFO com.bci.tareas.test.PasswordValidatorTest - password  validas =A89$abcdeab
15:54:18.564 [Test worker] INFO com.bci.tareas.helper.PasswordValidator - password : A89$abcdeab
15:54:18.564 [Test worker] INFO com.bci.tareas.helper.PasswordValidator - PatronPassword : ^(?=.*[0-9])(?=.*[a-z])(?=.*[A-Z])(?=.*[!@#&()?[{}]:;',?/*~$^+=<>]).{8,20}$
15:54:18.566 [Test worker] INFO com.bci.tareas.test.PasswordValidatorTest - password  validas =12fAa$wa
15:54:18.566 [Test worker] INFO com.bci.tareas.helper.PasswordValidator - password : 12fAa$wa
15:54:18.566 [Test worker] INFO com.bci.tareas.helper.PasswordValidator - PatronPassword : ^(?=.*[0-9])(?=.*[a-z])(?=.*[A-Z])(?=.*[!@#&()?[{}]:;',?/*~$^+=<>]).{8,20}$
]]></system-out>
  <system-err><![CDATA[]]></system-err>
</testsuite>
